<?xml version="1.0" encoding="UTF-8"?>
<!-- Generated by org.testng.reporters.JUnitXMLReporter -->
<testsuite hostname="DESKTOP-ORFPBU2" ignored="0" name="Command line test" tests="3" failures="1" timestamp="31 Mar 2023 18:11:08 GMT" time="13.19" errors="0">
  <testcase name="userShouldBeAbleToAddAndRemoveNewItem" time="4.982" classname="test.AddAndRemoveItemTest"/>
  <testcase name="userShouldBeAbleToClickOnToggleAllBox" time="5.811" classname="test.MainPageTest"/>
  <testcase name="validateListedItemsAreDeletedWhenToggleAllIsOn" time="2.362" classname="test.ToggleAllDeleteValidationTest">
    <failure type="java.lang.NullPointerException">
      <![CDATA[java.lang.NullPointerException
at pages.MainPage.validateEverythingisDeletedWhenUserClicksOnRemoveWhenToggleAllIsOn(MainPage.java:96)
at test.ToggleAllDeleteValidationTest.validateListedItemsAreDeletedWhenToggleAllIsOn(ToggleAllDeleteValidationTest.java:24)
... Removed 35 stack frames]]>
    </failure>
  </testcase> <!-- validateListedItemsAreDeletedWhenToggleAllIsOn -->
</testsuite> <!-- Command line test -->
