<?xml version="1.0" encoding="UTF-8"?>
<testng-results skipped="0" failed="0" ignored="0" total="1" passed="1">
  <reporter-output>
  </reporter-output>
  <suite name="Default suite" duration-ms="6451" started-at="2023-03-31T22:31:08Z" finished-at="2023-03-31T22:31:15Z">
    <groups>
    </groups>
    <test name="Default test" duration-ms="6451" started-at="2023-03-31T22:31:08Z" finished-at="2023-03-31T22:31:15Z">
      <class name="test.MainPageTest">
        <test-method status="PASS" signature="userShouldBeAbleToClickOnToggleAllBox()[pri:0, instance:test.MainPageTest@7f9fcf7f]" name="userShouldBeAbleToClickOnToggleAllBox" duration-ms="6411" started-at="2023-03-31T22:31:09Z" finished-at="2023-03-31T22:31:15Z">
          <reporter-output>
          </reporter-output>
        </test-method> <!-- userShouldBeAbleToClickOnToggleAllBox -->
      </class> <!-- test.MainPageTest -->
    </test> <!-- Default test -->
  </suite> <!-- Default suite -->
</testng-results>
